Compiled using GNU Fortran (Ubuntu 9.4.0-1ubuntu1~20.04.2) 9.4.0 with all optimizations
Last Brick update 16:19:57 on Sep 25 2023
Compiled at 16:28:53 on Sep  3 2023
Starting at 10:54:45 on Oct 13 2023

Settings
OK                      

Forcefield
OK                      

Topology
OK                      

Configuration
OK                      Starting from random configuration.

 F
Monte Carlo Simulation initialized.

##############################################################################
######################   ENERGY STARTING CONFIGURATION   #####################
##############################################################################

Lennard Jones        
 Intermolecular                          0.1164488160E+008
 Tailcorrection                         -0.1128923706E+004
Total Intermolecular                     0.1164375268E+008

Electrostatic        
 Real                                    0.2191678231E+005
 Exclusion                               0.2301487807E+007
 Selfterm                               -0.2305009487E+007
 Fourier                                 0.3157349690E+004
Total Intermolecular                     0.2155245229E+005

Intramolecular       
 Lennard Jones                           0.0000000000E+000
 Electrostatic                           0.0000000000E+000
 Bending                                 0.1375564208E+008
 Torsion                                 0.0000000000E+000

Total                                    0.2542094721E+008

##############################################################################

Simulation is running...
ERROR                   Volume; Rcut is too large in Box 1
